build/outputs/logs/manifest-merger-debug-report.txt
-- Merging decision tree log ---
manifest
ADDED from src/main/AndroidManifest.xml:2:1-34:12
INJECTED from src/main/AndroidManifest.xml:2:1-34:12
INJECTED from src/main/AndroidManifest.xml:2:1-34:12
INJECTED from src/main/AndroidManifest.xml:2:1-34:12
INJECTED from src/main/AndroidManifest.xml:2:1-34:12
INJECTED from src/main/AndroidManifest.xml:2:1-34:12
INJECTED from src/main/AndroidManifest.xml:2:1-34:12
	package
		ADDED from src/main/AndroidManifest.xml:2:70-106
		INJECTED from src/main/AndroidManifest.xml
		INJECTED from src/main/AndroidManifest.xml
	android:versionName
		INJECTED from src/main/AndroidManifest.xml
		ADDED from src/main/AndroidManifest.xml:2:1-34:12
		INJECTED from src/main/AndroidManifest.xml
	xmlns:tools
		ADDED from src/main/AndroidManifest.xml:2:107-153
	android:versionCode
		INJECTED from src/main/AndroidManifest.xml
		ADDED from src/main/AndroidManifest.xml:2:1-34:12
		INJECTED from src/main/AndroidManifest.xml
	xmlns:android
		ADDED from src/main/AndroidManifest.xml:2:11-69
	android:installLocation
		ADDED from src/main/AndroidManifest.xml:2:154-194
supports-screens
ADDED from src/main/AndroidManifest.xml:3:3-163
	android:largeScreens
		ADDED from src/main/AndroidManifest.xml:3:78-105
	android:smallScreens
		ADDED from src/main/AndroidManifest.xml:3:21-48
	android:normalScreens
		ADDED from src/main/AndroidManifest.xml:3:49-77
	android:xlargeScreens
		ADDED from src/main/AndroidManifest.xml:3:106-134
	android:anyDensity
		ADDED from src/main/AndroidManifest.xml:3:135-160
application
ADDED from src/main/AndroidManifest.xml:4:3-20:17
	android:label
		ADDED from src/main/AndroidManifest.xml:4:90-122
	android:icon
		ADDED from src/main/AndroidManifest.xml:4:58-89
	android:banner
		ADDED from src/main/AndroidManifest.xml:4:145-182
	android:theme
		ADDED from src/main/AndroidManifest.xml:4:16-57
	android:isGame
		ADDED from src/main/AndroidManifest.xml:4:123-144
activity#com.BogdanComany.SpaceGame.UnityPlayerActivity
ADDED from src/main/AndroidManifest.xml:5:5-12:16
	android:screenOrientation
		ADDED from src/main/AndroidManifest.xml:5:48-92
	android:label
		ADDED from src/main/AndroidManifest.xml:5:15-47
	android:launchMode
		ADDED from src/main/AndroidManifest.xml:5:93-124
	android:hardwareAccelerated
		ADDED from src/main/AndroidManifest.xml:5:307-342
	android:configChanges
		ADDED from src/main/AndroidManifest.xml:5:125-306
	android:name
		ADDED from src/main/AndroidManifest.xml:5:343-404
intent-filter#action:name:android.intent.action.MAIN+category:name:android.intent.category.LAUNCHER+category:name:android.intent.category.LEANBACK_LAUNCHER
ADDED from src/main/AndroidManifest.xml:6:7-10:23
action#android.intent.action.MAIN
ADDED from src/main/AndroidManifest.xml:7:9-61
	android:name
		ADDED from src/main/AndroidManifest.xml:7:17-58
category#android.intent.category.LAUNCHER
ADDED from src/main/AndroidManifest.xml:8:9-69
	android:name
		ADDED from src/main/AndroidManifest.xml:8:19-66
category#android.intent.category.LEANBACK_LAUNCHER
ADDED from src/main/AndroidManifest.xml:9:9-78
	android:name
		ADDED from src/main/AndroidManifest.xml:9:19-75
meta-data#unityplayer.UnityActivity
ADDED from src/main/AndroidManifest.xml:11:7-82
	android:value
		ADDED from src/main/AndroidManifest.xml:11:59-79
	android:name
		ADDED from src/main/AndroidManifest.xml:11:18-58
activity#com.BogdanComany.SpaceGame.HeartRateMonitor
ADDED from src/main/AndroidManifest.xml:13:5-16:16
	android:label
		ADDED from src/main/AndroidManifest.xml:15:9-41
	android:name
		ADDED from src/main/AndroidManifest.xml:14:9-67
meta-data#unity.build-id
ADDED from src/main/AndroidManifest.xml:17:5-101
	android:value
		ADDED from src/main/AndroidManifest.xml:17:46-98
	android:name
		ADDED from src/main/AndroidManifest.xml:17:16-45
meta-data#unity.splash-mode
ADDED from src/main/AndroidManifest.xml:18:5-69
	android:value
		ADDED from src/main/AndroidManifest.xml:18:49-66
	android:name
		ADDED from src/main/AndroidManifest.xml:18:16-48
meta-data#unity.splash-enable
ADDED from src/main/AndroidManifest.xml:19:5-74
	android:value
		ADDED from src/main/AndroidManifest.xml:19:51-71
	android:name
		ADDED from src/main/AndroidManifest.xml:19:16-50
uses-feature#0x00020000
ADDED from src/main/AndroidManifest.xml:21:3-52
	android:glEsVersion
		ADDED from src/main/AndroidManifest.xml:21:17-49
uses-permission#android.permission.INTERNET
ADDED from src/main/AndroidManifest.xml:22:3-65
	android:name
		ADDED from src/main/AndroidManifest.xml:22:20-62
uses-permission#android.permission.WRITE_EXTERNAL_STORAGE
ADDED from src/main/AndroidManifest.xml:23:3-79
	android:name
		ADDED from src/main/AndroidManifest.xml:23:20-76
uses-feature#android.hardware.camera
ADDED from src/main/AndroidManifest.xml:24:3-57
	android:name
		ADDED from src/main/AndroidManifest.xml:24:17-55
uses-feature#android.hardware.camera.flash
ADDED from src/main/AndroidManifest.xml:26:3-63
	android:name
		ADDED from src/main/AndroidManifest.xml:26:17-61
uses-permission#android.permission.CAMERA
ADDED from src/main/AndroidManifest.xml:28:3-62
	android:name
		ADDED from src/main/AndroidManifest.xml:28:20-60
uses-permission#android.permission.WAKE_LOCK
ADDED from src/main/AndroidManifest.xml:30:3-65
	android:name
		ADDED from src/main/AndroidManifest.xml:30:20-63
uses-feature#android.hardware.touchscreen
ADDED from src/main/AndroidManifest.xml:31:3-88
	android:required
		ADDED from src/main/AndroidManifest.xml:31:61-85
	android:name
		ADDED from src/main/AndroidManifest.xml:31:17-60
uses-feature#android.hardware.touchscreen.multitouch
ADDED from src/main/AndroidManifest.xml:32:3-99
	android:required
		ADDED from src/main/AndroidManifest.xml:32:72-96
	android:name
		ADDED from src/main/AndroidManifest.xml:32:17-71
uses-feature#android.hardware.touchscreen.multitouch.distinct
ADDED from src/main/AndroidManifest.xml:33:3-108
	android:required
		ADDED from src/main/AndroidManifest.xml:33:81-105
	android:name
		ADDED from src/main/AndroidManifest.xml:33:17-80
uses-sdk
INJECTED from src/main/AndroidManifest.xml reason: use-sdk injection requested
INJECTED from src/main/AndroidManifest.xml
INJECTED from src/main/AndroidManifest.xml
INJECTED from src/main/AndroidManifest.xml
INJECTED from src/main/AndroidManifest.xml
	android:targetSdkVersion
		INJECTED from src/main/AndroidManifest.xml
		ADDED from src/main/AndroidManifest.xml
		INJECTED from src/main/AndroidManifest.xml
	android:minSdkVersion
		INJECTED from src/main/AndroidManifest.xml
		ADDED from src/main/AndroidManifest.xml
		INJECTED from src/main/AndroidManifest.xml